
  .   ____          _            __ _ _
 /\\ / ___'_ __ _ _(_)_ __  __ _ \ \ \ \
( ( )\___ | '_ | '_| | '_ \/ _` | \ \ \ \
 \\/  ___)| |_)| | | | | || (_| |  ) ) ) )
  '  |____| .__|_| |_|_| |_\__, | / / / /
 =========|_|==============|___/=/_/_/_/
 :: Spring Boot ::                (v3.2.3)

2025-12-13T16:48:18.031+01:00  INFO 35980 --- [sapo_leyendo] [           main] c.m.sapo_leyendo.SapoApplication         : Starting SapoApplication v1.0-SNAPSHOT using Java 21.0.7 with PID 35980 (C:\Users\j0now\Studio\Sapo_leyendo\target\sapo_leyendo-1.0-SNAPSHOT.jar started by j0now in C:\Users\j0now\Studio\Sapo_leyendo)
2025-12-13T16:48:18.034+01:00  INFO 35980 --- [sapo_leyendo] [           main] c.m.sapo_leyendo.SapoApplication         : No active profile set, falling back to 1 default profile: "default"
2025-12-13T16:48:18.607+01:00  INFO 35980 --- [sapo_leyendo] [           main] .s.d.r.c.RepositoryConfigurationDelegate : Bootstrapping Spring Data JPA repositories in DEFAULT mode.
2025-12-13T16:48:18.702+01:00  INFO 35980 --- [sapo_leyendo] [           main] .s.d.r.c.RepositoryConfigurationDelegate : Finished Spring Data repository scanning in 89 ms. Found 37 JPA repository interfaces.
2025-12-13T16:48:19.151+01:00  INFO 35980 --- [sapo_leyendo] [           main] o.s.b.w.embedded.tomcat.TomcatWebServer  : Tomcat initialized with port 8080 (http)
2025-12-13T16:48:19.167+01:00  INFO 35980 --- [sapo_leyendo] [           main] o.apache.catalina.core.StandardService   : Starting service [Tomcat]
2025-12-13T16:48:19.167+01:00  INFO 35980 --- [sapo_leyendo] [           main] o.apache.catalina.core.StandardEngine    : Starting Servlet engine: [Apache Tomcat/10.1.19]
2025-12-13T16:48:19.198+01:00  INFO 35980 --- [sapo_leyendo] [           main] o.a.c.c.C.[Tomcat].[localhost].[/]       : Initializing Spring embedded WebApplicationContext
2025-12-13T16:48:19.199+01:00  INFO 35980 --- [sapo_leyendo] [           main] w.s.c.ServletWebServerApplicationContext : Root WebApplicationContext: initialization completed in 1104 ms
2025-12-13T16:48:19.332+01:00  INFO 35980 --- [sapo_leyendo] [           main] o.hibernate.jpa.internal.util.LogHelper  : HHH000204: Processing PersistenceUnitInfo [name: default]
2025-12-13T16:48:19.378+01:00  INFO 35980 --- [sapo_leyendo] [           main] org.hibernate.Version                    : HHH000412: Hibernate ORM core version 6.4.4.Final
2025-12-13T16:48:19.404+01:00  INFO 35980 --- [sapo_leyendo] [           main] o.h.c.internal.RegionFactoryInitiator    : HHH000026: Second-level cache disabled
2025-12-13T16:48:19.577+01:00  INFO 35980 --- [sapo_leyendo] [           main] o.s.o.j.p.SpringPersistenceUnitInfo      : No LoadTimeWeaver setup: ignoring JPA class transformer
2025-12-13T16:48:19.598+01:00  INFO 35980 --- [sapo_leyendo] [           main] com.zaxxer.hikari.HikariDataSource       : HikariPool-1 - Starting...
2025-12-13T16:48:19.683+01:00  INFO 35980 --- [sapo_leyendo] [           main] com.zaxxer.hikari.pool.HikariPool        : HikariPool-1 - Added connection org.sqlite.jdbc4.JDBC4Connection@4cecc15a
2025-12-13T16:48:19.684+01:00  INFO 35980 --- [sapo_leyendo] [           main] com.zaxxer.hikari.HikariDataSource       : HikariPool-1 - Start completed.
2025-12-13T16:48:20.570+01:00  INFO 35980 --- [sapo_leyendo] [           main] o.h.e.t.j.p.i.JtaPlatformInitiator       : HHH000489: No JTA platform available (set 'hibernate.transaction.jta.platform' to enable JTA platform integration)
2025-12-13T16:48:20.572+01:00  INFO 35980 --- [sapo_leyendo] [           main] j.LocalContainerEntityManagerFactoryBean : Initialized JPA EntityManagerFactory for persistence unit 'default'
2025-12-13T16:48:21.328+01:00  WARN 35980 --- [sapo_leyendo] [           main] JpaBaseConfiguration$JpaWebConfiguration : spring.jpa.open-in-view is enabled by default. Therefore, database queries may be performed during view rendering. Explicitly configure spring.jpa.open-in-view to disable this warning
2025-12-13T16:48:21.529+01:00  INFO 35980 --- [sapo_leyendo] [           main] o.s.s.web.DefaultSecurityFilterChain     : Will secure any request with [org.springframework.security.web.session.DisableEncodeUrlFilter@664217a8, org.springframework.security.web.context.request.async.WebAsyncManagerIntegrationFilter@4b4a3114, org.springframework.security.web.context.SecurityContextHolderFilter@3eed0375, org.springframework.security.web.header.HeaderWriterFilter@3d268a2c, org.springframework.web.filter.CorsFilter@4af5c14c, org.springframework.security.web.authentication.logout.LogoutFilter@7e34e466, org.springframework.security.web.savedrequest.RequestCacheAwareFilter@47541b42, org.springframework.security.web.servletapi.SecurityContextHolderAwareRequestFilter@17fbbf0a, org.springframework.security.web.authentication.AnonymousAuthenticationFilter@74d4f542, org.springframework.security.web.access.ExceptionTranslationFilter@1e1f467f, org.springframework.security.web.access.intercept.AuthorizationFilter@5b9ed77b]
2025-12-13T16:48:22.181+01:00  INFO 35980 --- [sapo_leyendo] [           main] o.s.b.w.embedded.tomcat.TomcatWebServer  : Tomcat started on port 8080 (http) with context path ''
2025-12-13T16:48:22.192+01:00  INFO 35980 --- [sapo_leyendo] [           main] c.m.sapo_leyendo.SapoApplication         : Started SapoApplication in 4.497 seconds (process running for 4.923)
2025-12-13T16:48:35.199+01:00  INFO 35980 --- [sapo_leyendo] [nio-8080-exec-2] o.a.c.c.C.[Tomcat].[localhost].[/]       : Initializing Spring DispatcherServlet 'dispatcherServlet'
2025-12-13T16:48:35.200+01:00  INFO 35980 --- [sapo_leyendo] [nio-8080-exec-2] o.s.web.servlet.DispatcherServlet        : Initializing Servlet 'dispatcherServlet'
2025-12-13T16:48:35.200+01:00  INFO 35980 --- [sapo_leyendo] [nio-8080-exec-2] o.s.web.servlet.DispatcherServlet        : Completed initialization in 0 ms
